<html>
<head>
<title>TestNG:  Test</title>
<link href="../testng.css" rel="stylesheet" type="text/css" />
<link href="../my-testng.css" rel="stylesheet" type="text/css" />

<style type="text/css">
.log { display: none;} 
.stack-trace { display: none;} 
</style>
<script type="text/javascript">
<!--
function flip(e) {
  current = e.style.display;
  if (current == 'block') {
    e.style.display = 'none';
    return 0;
  }
  else {
    e.style.display = 'block';
    return 1;
  }
}

function toggleBox(szDivId, elem, msg1, msg2)
{
  var res = -1;  if (document.getElementById) {
    res = flip(document.getElementById(szDivId));
  }
  else if (document.all) {
    // this is the way old msie versions work
    res = flip(document.all[szDivId]);
  }
  if(elem) {
    if(res == 0) elem.innerHTML = msg1; else elem.innerHTML = msg2;
  }

}

function toggleAllBoxes() {
  if (document.getElementsByTagName) {
    d = document.getElementsByTagName('div');
    for (i = 0; i < d.length; i++) {
      if (d[i].className == 'log') {
        flip(d[i]);
      }
    }
  }
}

// -->
</script>

</head>
<body>
<h2 align='center'>Test</h2><table border='1' align="center">
<tr>
<td>Tests passed/Failed/Skipped:</td><td>19/2/0</td>
</tr><tr>
<td>Started on:</td><td>Wed Dec 07 17:40:58 IST 2022</td>
</tr>
<tr><td>Total time:</td><td>286 seconds (286061 ms)</td>
</tr><tr>
<td>Included groups:</td><td></td>
</tr><tr>
<td>Excluded groups:</td><td></td>
</tr>
</table><p/>
<small><i>(Hover the method name to see the test class name)</i></small><p/>
<table width='100%' border='1' class='invocation-failed'>
<tr><td colspan='4' align='center'><b>FAILED TESTS</b></td></tr>
<tr><td><b>Test method</b></td>
<td width="30%"><b>Exception</b></td>
<td width="10%"><b>Time (seconds)</b></td>
<td><b>Instance</b></td>
</tr>
<tr>
<td title='tests.InspireMeTest.tc01_InspireMeTest()'><b>tc01_InspireMeTest</b><br>Test class: tests.InspireMeTest</td>
<td><div><pre>java.lang.AssertionError: The page is in hebrew expected [Business] but found [נסיעת עבודה]
	at tests.InspireMeTest.tc01_InspireMeTest(InspireMeTest.java:29)
	at java.util.ArrayList.forEach(ArrayList.java:1257)
... Removed 36 stack frames</pre></div><a href='#' onClick='toggleBox("stack-trace2059515584", this, "Click to show all stack frames", "Click to hide stack frames")'>Click to show all stack frames</a>
<div class='stack-trace' id='stack-trace2059515584'><pre>java.lang.AssertionError: The page is in hebrew expected [Business] but found [נסיעת עבודה]
	at org.testng.Assert.fail(Assert.java:110)
	at org.testng.Assert.failNotEquals(Assert.java:1413)
	at org.testng.Assert.assertEqualsImpl(Assert.java:149)
	at org.testng.Assert.assertEquals(Assert.java:131)
	at org.testng.Assert.assertEquals(Assert.java:655)
	at tests.InspireMeTest.tc01_InspireMeTest(InspireMeTest.java:29)
	at sun.reflect.NativeMethodAccessorImpl.invoke0(Native Method)
	at sun.reflect.NativeMethodAccessorImpl.invoke(NativeMethodAccessorImpl.java:62)
	at sun.reflect.DelegatingMethodAccessorImpl.invoke(DelegatingMethodAccessorImpl.java:43)
	at java.lang.reflect.Method.invoke(Method.java:498)
	at org.testng.internal.invokers.MethodInvocationHelper.invokeMethod(MethodInvocationHelper.java:135)
	at org.testng.internal.invokers.TestInvoker.invokeMethod(TestInvoker.java:673)
	at org.testng.internal.invokers.TestInvoker.invokeTestMethod(TestInvoker.java:220)
	at org.testng.internal.invokers.MethodRunner.runInSequence(MethodRunner.java:50)
	at org.testng.internal.invokers.TestInvoker$MethodInvocationAgent.invoke(TestInvoker.java:945)
	at org.testng.internal.invokers.TestInvoker.invokeTestMethods(TestInvoker.java:193)
	at org.testng.internal.invokers.TestMethodWorker.invokeTestMethods(TestMethodWorker.java:146)
	at org.testng.internal.invokers.TestMethodWorker.run(TestMethodWorker.java:128)
	at java.util.ArrayList.forEach(ArrayList.java:1257)
	at org.testng.TestRunner.privateRun(TestRunner.java:808)
	at org.testng.TestRunner.run(TestRunner.java:603)
	at org.testng.SuiteRunner.runTest(SuiteRunner.java:429)
	at org.testng.SuiteRunner.runSequentially(SuiteRunner.java:423)
	at org.testng.SuiteRunner.privateRun(SuiteRunner.java:383)
	at org.testng.SuiteRunner.run(SuiteRunner.java:326)
	at org.testng.SuiteRunnerWorker.runSuite(SuiteRunnerWorker.java:52)
	at org.testng.SuiteRunnerWorker.run(SuiteRunnerWorker.java:95)
	at org.testng.TestNG.runSuitesSequentially(TestNG.java:1249)
	at org.testng.TestNG.runSuitesLocally(TestNG.java:1169)
	at org.testng.TestNG.runSuites(TestNG.java:1092)
	at org.testng.TestNG.run(TestNG.java:1060)
	at org.apache.maven.surefire.testng.TestNGExecutor.run(TestNGExecutor.java:324)
	at org.apache.maven.surefire.testng.TestNGXmlTestSuite.execute(TestNGXmlTestSuite.java:74)
	at org.apache.maven.surefire.testng.TestNGProvider.invoke(TestNGProvider.java:123)
	at org.apache.maven.surefire.booter.ForkedBooter.runSuitesInProcess(ForkedBooter.java:456)
	at org.apache.maven.surefire.booter.ForkedBooter.execute(ForkedBooter.java:169)
	at org.apache.maven.surefire.booter.ForkedBooter.run(ForkedBooter.java:595)
	at org.apache.maven.surefire.booter.ForkedBooter.main(ForkedBooter.java:581)
</pre></div></td>
<td>5</td>
<td>tests.InspireMeTest@64f857e7</td></tr>
<tr>
<td title='tests.MyTripsTest.tc02_MyTripsTest()'><b>tc02_MyTripsTest</b><br>Test class: tests.MyTripsTest</td>
<td><div><pre>org.openqa.selenium.ElementClickInterceptedException: element click intercepted: Element &lt;a target=&quot;_blank&quot; class=&quot;btn btn-link&quot; dir=&quot;ltr&quot; href=&quot;/en/trips/7618&quot;&gt;...&lt;/a&gt; is not clickable at point (1174, 319). Other element would receive the click: &lt;div class=&quot;ReactModal__Overlay ReactModal__Overlay--after-open modal-overlay vertical-outer&quot;&gt;...&lt;/div&gt;
  (Session info: chrome=108.0.5359.94)
Build info: version: &apos;4.4.0&apos;, revision: &apos;e5c75ed026a&apos;
System info: host: &apos;DESKTOP-7CQA1LF&apos;, ip: &apos;192.168.1.176&apos;, os.name: &apos;Windows 10&apos;, os.arch: &apos;amd64&apos;, os.version: &apos;10.0&apos;, java.version: &apos;1.8.0_211&apos;
Driver info: org.openqa.selenium.chrome.ChromeDriver
Command: [b8ad56900fb7e2ec7291b70fa045b792, clickElement {id=3d968cec-f250-461e-a64e-7c9eff5af17d}]
Capabilities {acceptInsecureCerts: false, browserName: chrome, browserVersion: 108.0.5359.94, chrome: {chromedriverVersion: 108.0.5359.71 (1e0e3868ee06..., userDataDir: C:\Users\D0AF~1\AppData\Loc...}, goog:chromeOptions: {debuggerAddress: localhost:55232}, networkConnectionEnabled: false, pageLoadStrategy: normal, platformName: WINDOWS, proxy: Proxy(), se:cdp: ws://localhost:55232/devtoo..., se:cdpVersion: 108.0.5359.94, setWindowRect: true, strictFileInteractability: false, timeouts: {implicit: 0, pageLoad: 300000, script: 30000}, unhandledPromptBehavior: dismiss and notify, webauthn:extension:credBlob: true, webauthn:extension:largeBlob: true, webauthn:virtualAuthenticators: true}
Element: [[ChromeDriver: chrome on WINDOWS (b8ad56900fb7e2ec7291b70fa045b792)] -&gt; css selector: [class=&quot;btn btn-link&quot;]]
Session ID: b8ad56900fb7e2ec7291b70fa045b792
	at org.openqa.selenium.remote.codec.w3c.W3CHttpResponseCodec.createException(W3CHttpResponseCodec.java:200)
	at org.openqa.selenium.remote.codec.w3c.W3CHttpResponseCodec.decode(W3CHttpResponseCodec.java:133)
	at org.openqa.selenium.remote.codec.w3c.W3CHttpResponseCodec.decode(W3CHttpResponseCodec.java:53)
	at org.openqa.selenium.remote.HttpCommandExecutor.execute(HttpCommandExecutor.java:184)
	at org.openqa.selenium.remote.service.DriverCommandExecutor.invokeExecute(DriverCommandExecutor.java:167)
	at org.openqa.selenium.remote.service.DriverCommandExecutor.execute(DriverCommandExecutor.java:142)
	at org.openqa.selenium.remote.RemoteWebDriver.execute(RemoteWebDriver.java:547)
	at org.openqa.selenium.remote.RemoteWebElement.execute(RemoteWebElement.java:257)
	at org.openqa.selenium.remote.RemoteWebElement.click(RemoteWebElement.java:78)
	at org.openqa.selenium.support.pagefactory.internal.LocatingElementHandler.invoke(LocatingElementHandler.java:52)
	at com.sun.proxy.$Proxy12.click(Unknown Source)
	at pageobjects.BasePage.click(BasePage.java:51)
	at pageobjects.MyTripPage.click(MyTripPage.java:10)
	at pageobjects.MyTripPage.clickOnTripInfo(MyTripPage.java:76)
	at tests.MyTripsTest.tc02_MyTripsTest(MyTripsTest.java:30)
	at java.util.ArrayList.forEach(ArrayList.java:1257)
... Removed 38 stack frames</pre></div><a href='#' onClick='toggleBox("stack-trace1396835114", this, "Click to show all stack frames", "Click to hide stack frames")'>Click to show all stack frames</a>
<div class='stack-trace' id='stack-trace1396835114'><pre>org.openqa.selenium.ElementClickInterceptedException: element click intercepted: Element &lt;a target=&quot;_blank&quot; class=&quot;btn btn-link&quot; dir=&quot;ltr&quot; href=&quot;/en/trips/7618&quot;&gt;...&lt;/a&gt; is not clickable at point (1174, 319). Other element would receive the click: &lt;div class=&quot;ReactModal__Overlay ReactModal__Overlay--after-open modal-overlay vertical-outer&quot;&gt;...&lt;/div&gt;
  (Session info: chrome=108.0.5359.94)
Build info: version: &apos;4.4.0&apos;, revision: &apos;e5c75ed026a&apos;
System info: host: &apos;DESKTOP-7CQA1LF&apos;, ip: &apos;192.168.1.176&apos;, os.name: &apos;Windows 10&apos;, os.arch: &apos;amd64&apos;, os.version: &apos;10.0&apos;, java.version: &apos;1.8.0_211&apos;
Driver info: org.openqa.selenium.chrome.ChromeDriver
Command: [b8ad56900fb7e2ec7291b70fa045b792, clickElement {id=3d968cec-f250-461e-a64e-7c9eff5af17d}]
Capabilities {acceptInsecureCerts: false, browserName: chrome, browserVersion: 108.0.5359.94, chrome: {chromedriverVersion: 108.0.5359.71 (1e0e3868ee06..., userDataDir: C:\Users\D0AF~1\AppData\Loc...}, goog:chromeOptions: {debuggerAddress: localhost:55232}, networkConnectionEnabled: false, pageLoadStrategy: normal, platformName: WINDOWS, proxy: Proxy(), se:cdp: ws://localhost:55232/devtoo..., se:cdpVersion: 108.0.5359.94, setWindowRect: true, strictFileInteractability: false, timeouts: {implicit: 0, pageLoad: 300000, script: 30000}, unhandledPromptBehavior: dismiss and notify, webauthn:extension:credBlob: true, webauthn:extension:largeBlob: true, webauthn:virtualAuthenticators: true}
Element: [[ChromeDriver: chrome on WINDOWS (b8ad56900fb7e2ec7291b70fa045b792)] -&gt; css selector: [class=&quot;btn btn-link&quot;]]
Session ID: b8ad56900fb7e2ec7291b70fa045b792
	at sun.reflect.NativeConstructorAccessorImpl.newInstance0(Native Method)
	at sun.reflect.NativeConstructorAccessorImpl.newInstance(NativeConstructorAccessorImpl.java:62)
	at sun.reflect.DelegatingConstructorAccessorImpl.newInstance(DelegatingConstructorAccessorImpl.java:45)
	at java.lang.reflect.Constructor.newInstance(Constructor.java:423)
	at org.openqa.selenium.remote.codec.w3c.W3CHttpResponseCodec.createException(W3CHttpResponseCodec.java:200)
	at org.openqa.selenium.remote.codec.w3c.W3CHttpResponseCodec.decode(W3CHttpResponseCodec.java:133)
	at org.openqa.selenium.remote.codec.w3c.W3CHttpResponseCodec.decode(W3CHttpResponseCodec.java:53)
	at org.openqa.selenium.remote.HttpCommandExecutor.execute(HttpCommandExecutor.java:184)
	at org.openqa.selenium.remote.service.DriverCommandExecutor.invokeExecute(DriverCommandExecutor.java:167)
	at org.openqa.selenium.remote.service.DriverCommandExecutor.execute(DriverCommandExecutor.java:142)
	at org.openqa.selenium.remote.RemoteWebDriver.execute(RemoteWebDriver.java:547)
	at org.openqa.selenium.remote.RemoteWebElement.execute(RemoteWebElement.java:257)
	at org.openqa.selenium.remote.RemoteWebElement.click(RemoteWebElement.java:78)
	at sun.reflect.GeneratedMethodAccessor4.invoke(Unknown Source)
	at sun.reflect.DelegatingMethodAccessorImpl.invoke(DelegatingMethodAccessorImpl.java:43)
	at java.lang.reflect.Method.invoke(Method.java:498)
	at org.openqa.selenium.support.pagefactory.internal.LocatingElementHandler.invoke(LocatingElementHandler.java:52)
	at com.sun.proxy.$Proxy12.click(Unknown Source)
	at pageobjects.BasePage.click(BasePage.java:51)
	at pageobjects.MyTripPage.click(MyTripPage.java:10)
	at pageobjects.MyTripPage.clickOnTripInfo(MyTripPage.java:76)
	at tests.MyTripsTest.tc02_MyTripsTest(MyTripsTest.java:30)
	at sun.reflect.NativeMethodAccessorImpl.invoke0(Native Method)
	at sun.reflect.NativeMethodAccessorImpl.invoke(NativeMethodAccessorImpl.java:62)
	at sun.reflect.DelegatingMethodAccessorImpl.invoke(DelegatingMethodAccessorImpl.java:43)
	at java.lang.reflect.Method.invoke(Method.java:498)
	at org.testng.internal.invokers.MethodInvocationHelper.invokeMethod(MethodInvocationHelper.java:135)
	at org.testng.internal.invokers.TestInvoker.invokeMethod(TestInvoker.java:673)
	at org.testng.internal.invokers.TestInvoker.invokeTestMethod(TestInvoker.java:220)
	at org.testng.internal.invokers.MethodRunner.runInSequence(MethodRunner.java:50)
	at org.testng.internal.invokers.TestInvoker$MethodInvocationAgent.invoke(TestInvoker.java:945)
	at org.testng.internal.invokers.TestInvoker.invokeTestMethods(TestInvoker.java:193)
	at org.testng.internal.invokers.TestMethodWorker.invokeTestMethods(TestMethodWorker.java:146)
	at org.testng.internal.invokers.TestMethodWorker.run(TestMethodWorker.java:128)
	at java.util.ArrayList.forEach(ArrayList.java:1257)
	at org.testng.TestRunner.privateRun(TestRunner.java:808)
	at org.testng.TestRunner.run(TestRunner.java:603)
	at org.testng.SuiteRunner.runTest(SuiteRunner.java:429)
	at org.testng.SuiteRunner.runSequentially(SuiteRunner.java:423)
	at org.testng.SuiteRunner.privateRun(SuiteRunner.java:383)
	at org.testng.SuiteRunner.run(SuiteRunner.java:326)
	at org.testng.SuiteRunnerWorker.runSuite(SuiteRunnerWorker.java:52)
	at org.testng.SuiteRunnerWorker.run(SuiteRunnerWorker.java:95)
	at org.testng.TestNG.runSuitesSequentially(TestNG.java:1249)
	at org.testng.TestNG.runSuitesLocally(TestNG.java:1169)
	at org.testng.TestNG.runSuites(TestNG.java:1092)
	at org.testng.TestNG.run(TestNG.java:1060)
	at org.apache.maven.surefire.testng.TestNGExecutor.run(TestNGExecutor.java:324)
	at org.apache.maven.surefire.testng.TestNGXmlTestSuite.execute(TestNGXmlTestSuite.java:74)
	at org.apache.maven.surefire.testng.TestNGProvider.invoke(TestNGProvider.java:123)
	at org.apache.maven.surefire.booter.ForkedBooter.runSuitesInProcess(ForkedBooter.java:456)
	at org.apache.maven.surefire.booter.ForkedBooter.execute(ForkedBooter.java:169)
	at org.apache.maven.surefire.booter.ForkedBooter.run(ForkedBooter.java:595)
	at org.apache.maven.surefire.booter.ForkedBooter.main(ForkedBooter.java:581)
</pre></div></td>
<td>1</td>
<td>tests.MyTripsTest@410954b</td></tr>
</table><p>
<table width='100%' border='1' class='invocation-passed'>
<tr><td colspan='4' align='center'><b>PASSED TESTS</b></td></tr>
<tr><td><b>Test method</b></td>
<td width="30%"><b>Exception</b></td>
<td width="10%"><b>Time (seconds)</b></td>
<td><b>Instance</b></td>
</tr>
<tr>
<td title='tests.LoginTest.tc03_login()'><b>tc03_login</b><br>Test class: tests.LoginTest</td>
<td></td>
<td>2</td>
<td>tests.LoginTest@7fb9f71f</td></tr>
<tr>
<td title='tests.PlaningFlowTest.tc09_planningTest()'><b>tc09_planningTest</b><br>Test class: tests.PlaningFlowTest</td>
<td></td>
<td>10</td>
<td>tests.PlaningFlowTest@3b366632</td></tr>
<tr>
<td title='tests.DestinationTest.tc01_destinationTest()'><b>tc01_destinationTest</b><br>Test class: tests.DestinationTest</td>
<td></td>
<td>3</td>
<td>tests.DestinationTest@7927bd9f</td></tr>
<tr>
<td title='tests.PlaningFlowTest.tc02_planningTest()'><b>tc02_planningTest</b><br>Test class: tests.PlaningFlowTest</td>
<td></td>
<td>1</td>
<td>tests.PlaningFlowTest@3b366632</td></tr>
<tr>
<td title='tests.PlaningFlowTest.tc04_planningTest()'><b>tc04_planningTest</b><br>Test class: tests.PlaningFlowTest</td>
<td></td>
<td>2</td>
<td>tests.PlaningFlowTest@3b366632</td></tr>
<tr>
<td title='tests.LoginTest.tc04_login()'><b>tc04_login</b><br>Test class: tests.LoginTest</td>
<td></td>
<td>1</td>
<td>tests.LoginTest@7fb9f71f</td></tr>
<tr>
<td title='tests.LoginTest.tc01_login()'><b>tc01_login</b><br>Test class: tests.LoginTest</td>
<td></td>
<td>0</td>
<td>tests.LoginTest@7fb9f71f</td></tr>
<tr>
<td title='tests.PlaningFlowTest.tc06_planningTest()'><b>tc06_planningTest</b><br>Test class: tests.PlaningFlowTest</td>
<td></td>
<td>2</td>
<td>tests.PlaningFlowTest@3b366632</td></tr>
<tr>
<td title='tests.PlaningFlowTest.tc05_planningTest()'><b>tc05_planningTest</b><br>Test class: tests.PlaningFlowTest</td>
<td></td>
<td>19</td>
<td>tests.PlaningFlowTest@3b366632</td></tr>
<tr>
<td title='tests.MyTripsTest.tc03_MyTripsTest()'><b>tc03_MyTripsTest</b><br>Test class: tests.MyTripsTest</td>
<td></td>
<td>5</td>
<td>tests.MyTripsTest@410954b</td></tr>
<tr>
<td title='tests.InspireMeTest.tc02_InspireMeTest()'><b>tc02_InspireMeTest</b><br>Test class: tests.InspireMeTest</td>
<td></td>
<td>16</td>
<td>tests.InspireMeTest@64f857e7</td></tr>
<tr>
<td title='tests.PlaningFlowTest.tc08_planningTest()'><b>tc08_planningTest</b><br>Test class: tests.PlaningFlowTest</td>
<td></td>
<td>10</td>
<td>tests.PlaningFlowTest@3b366632</td></tr>
<tr>
<td title='tests.LoginTest.tc02_login()'><b>tc02_login</b><br>Test class: tests.LoginTest</td>
<td></td>
<td>0</td>
<td>tests.LoginTest@7fb9f71f</td></tr>
<tr>
<td title='tests.PlaningFlowTest.tc01_PlaningTest()'><b>tc01_PlaningTest</b><br>Test class: tests.PlaningFlowTest</td>
<td></td>
<td>1</td>
<td>tests.PlaningFlowTest@3b366632</td></tr>
<tr>
<td title='tests.MyTripsTest.tc01_MyTripsTest()'><b>tc01_MyTripsTest</b><br>Test class: tests.MyTripsTest</td>
<td></td>
<td>14</td>
<td>tests.MyTripsTest@410954b</td></tr>
<tr>
<td title='tests.MyTripsTest.tc04_MyTripsTest()'><b>tc04_MyTripsTest</b><br>Test class: tests.MyTripsTest</td>
<td></td>
<td>6</td>
<td>tests.MyTripsTest@410954b</td></tr>
<tr>
<td title='tests.PlaningFlowTest.tc07_planningTest()'><b>tc07_planningTest</b><br>Test class: tests.PlaningFlowTest</td>
<td></td>
<td>2</td>
<td>tests.PlaningFlowTest@3b366632</td></tr>
<tr>
<td title='tests.DestinationTest.tc02_destinationTest()'><b>tc02_destinationTest</b><br>Test class: tests.DestinationTest</td>
<td></td>
<td>2</td>
<td>tests.DestinationTest@7927bd9f</td></tr>
<tr>
<td title='tests.PlaningFlowTest.tc03_planningTest()'><b>tc03_planningTest</b><br>Test class: tests.PlaningFlowTest</td>
<td></td>
<td>5</td>
<td>tests.PlaningFlowTest@3b366632</td></tr>
</table><p>
</body>
</html>