<?xml version="1.0" encoding="UTF-8"?>
<!-- Generated by org.testng.reporters.JUnitXMLReporter -->
<testsuite hostname="DESKTOP-7CQA1LF" ignored="0" name="Test" tests="21" failures="2" timestamp="2022-12-07T17:45:44 IST" time="286.061" errors="0">
  <testcase name="tc01_InspireMeTest" time="5.404" classname="tests.InspireMeTest">
    <failure type="java.lang.AssertionError" message="The page is in hebrew expected [Business] but found [נסיעת עבודה]">
      <![CDATA[java.lang.AssertionError: The page is in hebrew expected [Business] but found [נסיעת עבודה]
at tests.InspireMeTest.tc01_InspireMeTest(InspireMeTest.java:29)
at java.util.ArrayList.forEach(ArrayList.java:1257)
... Removed 36 stack frames]]>
    </failure>
  </testcase> <!-- tc01_InspireMeTest -->
  <testcase name="tc02_InspireMeTest" time="16.463" classname="tests.InspireMeTest"/>
  <testcase name="tc01_destinationTest" time="3.529" classname="tests.DestinationTest"/>
  <testcase name="tc02_destinationTest" time="2.389" classname="tests.DestinationTest"/>
  <testcase name="tc01_MyTripsTest" time="14.254" classname="tests.MyTripsTest"/>
  <testcase name="tc02_MyTripsTest" time="1.067" classname="tests.MyTripsTest">
    <failure type="org.openqa.selenium.ElementClickInterceptedException" message="element click intercepted: Element &amp;lt;a target=&amp;quot;_blank&amp;quot; class=&amp;quot;btn btn-link&amp;quot; dir=&amp;quot;ltr&amp;quot; href=&amp;quot;/en/trips/7618&amp;quot;&amp;gt;...&amp;lt;/a&amp;gt; is not clickable at point (1174, 319). Other element would receive the click: &amp;lt;div class=&amp;quot;ReactModal__Overlay ReactModal__Overlay--after-open modal-overlay vertical-outer&amp;quot;&amp;gt;...&amp;lt;/div&amp;gt;
  (Session info: chrome=108.0.5359.94)
Build info: version: &amp;apos;4.4.0&amp;apos;, revision: &amp;apos;e5c75ed026a&amp;apos;
System info: host: &amp;apos;DESKTOP-7CQA1LF&amp;apos;, ip: &amp;apos;192.168.1.176&amp;apos;, os.name: &amp;apos;Windows 10&amp;apos;, os.arch: &amp;apos;amd64&amp;apos;, os.version: &amp;apos;10.0&amp;apos;, java.version: &amp;apos;1.8.0_211&amp;apos;
Driver info: org.openqa.selenium.chrome.ChromeDriver
Command: [b8ad56900fb7e2ec7291b70fa045b792, clickElement {id=3d968cec-f250-461e-a64e-7c9eff5af17d}]
Capabilities {acceptInsecureCerts: false, browserName: chrome, browserVersion: 108.0.5359.94, chrome: {chromedriverVersion: 108.0.5359.71 (1e0e3868ee06..., userDataDir: C:\Users\D0AF~1\AppData\Loc...}, goog:chromeOptions: {debuggerAddress: localhost:55232}, networkConnectionEnabled: false, pageLoadStrategy: normal, platformName: WINDOWS, proxy: Proxy(), se:cdp: ws://localhost:55232/devtoo..., se:cdpVersion: 108.0.5359.94, setWindowRect: true, strictFileInteractability: false, timeouts: {implicit: 0, pageLoad: 300000, script: 30000}, unhandledPromptBehavior: dismiss and notify, webauthn:extension:credBlob: true, webauthn:extension:largeBlob: true, webauthn:virtualAuthenticators: true}
Element: [[ChromeDriver: chrome on WINDOWS (b8ad56900fb7e2ec7291b70fa045b792)] -&amp;gt; css selector: [class=&amp;quot;btn btn-link&amp;quot;]]
Session ID: b8ad56900fb7e2ec7291b70fa045b792">
      <![CDATA[org.openqa.selenium.ElementClickInterceptedException: element click intercepted: Element <a target="_blank" class="btn btn-link" dir="ltr" href="/en/trips/7618">...</a> is not clickable at point (1174, 319). Other element would receive the click: <div class="ReactModal__Overlay ReactModal__Overlay--after-open modal-overlay vertical-outer">...</div>
  (Session info: chrome=108.0.5359.94)
Build info: version: '4.4.0', revision: 'e5c75ed026a'
System info: host: 'DESKTOP-7CQA1LF', ip: '192.168.1.176', os.name: 'Windows 10', os.arch: 'amd64', os.version: '10.0', java.version: '1.8.0_211'
Driver info: org.openqa.selenium.chrome.ChromeDriver
Command: [b8ad56900fb7e2ec7291b70fa045b792, clickElement {id=3d968cec-f250-461e-a64e-7c9eff5af17d}]
Capabilities {acceptInsecureCerts: false, browserName: chrome, browserVersion: 108.0.5359.94, chrome: {chromedriverVersion: 108.0.5359.71 (1e0e3868ee06..., userDataDir: C:\Users\D0AF~1\AppData\Loc...}, goog:chromeOptions: {debuggerAddress: localhost:55232}, networkConnectionEnabled: false, pageLoadStrategy: normal, platformName: WINDOWS, proxy: Proxy(), se:cdp: ws://localhost:55232/devtoo..., se:cdpVersion: 108.0.5359.94, setWindowRect: true, strictFileInteractability: false, timeouts: {implicit: 0, pageLoad: 300000, script: 30000}, unhandledPromptBehavior: dismiss and notify, webauthn:extension:credBlob: true, webauthn:extension:largeBlob: true, webauthn:virtualAuthenticators: true}
Element: [[ChromeDriver: chrome on WINDOWS (b8ad56900fb7e2ec7291b70fa045b792)] -> css selector: [class="btn btn-link"]]
Session ID: b8ad56900fb7e2ec7291b70fa045b792
at org.openqa.selenium.remote.codec.w3c.W3CHttpResponseCodec.createException(W3CHttpResponseCodec.java:200)
at org.openqa.selenium.remote.codec.w3c.W3CHttpResponseCodec.decode(W3CHttpResponseCodec.java:133)
at org.openqa.selenium.remote.codec.w3c.W3CHttpResponseCodec.decode(W3CHttpResponseCodec.java:53)
at org.openqa.selenium.remote.HttpCommandExecutor.execute(HttpCommandExecutor.java:184)
at org.openqa.selenium.remote.service.DriverCommandExecutor.invokeExecute(DriverCommandExecutor.java:167)
at org.openqa.selenium.remote.service.DriverCommandExecutor.execute(DriverCommandExecutor.java:142)
at org.openqa.selenium.remote.RemoteWebDriver.execute(RemoteWebDriver.java:547)
at org.openqa.selenium.remote.RemoteWebElement.execute(RemoteWebElement.java:257)
at org.openqa.selenium.remote.RemoteWebElement.click(RemoteWebElement.java:78)
at org.openqa.selenium.support.pagefactory.internal.LocatingElementHandler.invoke(LocatingElementHandler.java:52)
at com.sun.proxy.$Proxy12.click(Unknown Source)
at pageobjects.BasePage.click(BasePage.java:51)
at pageobjects.MyTripPage.click(MyTripPage.java:10)
at pageobjects.MyTripPage.clickOnTripInfo(MyTripPage.java:76)
at tests.MyTripsTest.tc02_MyTripsTest(MyTripsTest.java:30)
at java.util.ArrayList.forEach(ArrayList.java:1257)
... Removed 38 stack frames]]>
    </failure>
  </testcase> <!-- tc02_MyTripsTest -->
  <testcase name="tc03_MyTripsTest" time="5.189" classname="tests.MyTripsTest"/>
  <testcase name="tc04_MyTripsTest" time="6.619" classname="tests.MyTripsTest"/>
  <testcase name="tc01_login" time="0.87" classname="tests.LoginTest"/>
  <testcase name="tc02_login" time="0.793" classname="tests.LoginTest"/>
  <testcase name="tc03_login" time="2.642" classname="tests.LoginTest"/>
  <testcase name="tc04_login" time="1.811" classname="tests.LoginTest"/>
  <testcase name="tc01_PlaningTest" time="1.155" classname="tests.PlaningFlowTest"/>
  <testcase name="tc02_planningTest" time="1.737" classname="tests.PlaningFlowTest"/>
  <testcase name="tc03_planningTest" time="5.882" classname="tests.PlaningFlowTest"/>
  <testcase name="tc04_planningTest" time="2.06" classname="tests.PlaningFlowTest"/>
  <testcase name="tc05_planningTest" time="19.233" classname="tests.PlaningFlowTest"/>
  <testcase name="tc06_planningTest" time="2.557" classname="tests.PlaningFlowTest"/>
  <testcase name="tc07_planningTest" time="2.728" classname="tests.PlaningFlowTest"/>
  <testcase name="tc08_planningTest" time="10.241" classname="tests.PlaningFlowTest"/>
  <testcase name="tc09_planningTest" time="10.162" classname="tests.PlaningFlowTest"/>
</testsuite> <!-- Test -->
