<?xml version="1.0" encoding="UTF-8"?>
<testng-results ignored="0" total="4" passed="3" failed="1" skipped="0">
  <reporter-output>
  </reporter-output>
  <suite started-at="2022-12-05T11:43:30 IST" name="Default suite" finished-at="2022-12-05T11:44:36 IST" duration-ms="65825">
    <groups>
    </groups>
    <test started-at="2022-12-05T11:43:30 IST" name="Default test" finished-at="2022-12-05T11:44:36 IST" duration-ms="65825">
      <class name="tests.MyTripsTest">
        <test-method is-config="true" signature="setup()[pri:0, instance:tests.MyTripsTest@dcc6211]" started-at="2022-12-05T11:43:30 IST" name="setup" finished-at="2022-12-05T11:44:03 IST" duration-ms="32415" status="PASS">
          <reporter-output>
          </reporter-output>
        </test-method> <!-- setup -->
        <test-method signature="tc01_MyTripsTest()[pri:0, instance:tests.MyTripsTest@dcc6211]" started-at="2022-12-05T11:44:03 IST" name="tc01_MyTripsTest" finished-at="2022-12-05T11:44:17 IST" duration-ms="14151" status="PASS">
          <reporter-output>
          </reporter-output>
        </test-method> <!-- tc01_MyTripsTest -->
        <test-method is-config="true" signature="failedTest(org.testng.ITestResult)[pri:0, instance:tests.MyTripsTest@dcc6211]" started-at="2022-12-05T11:44:17 IST" name="failedTest" finished-at="2022-12-05T11:44:17 IST" duration-ms="211" status="PASS">
          <params>
            <param index="0">
              <value>
                <![CDATA[[TestResult name=tc01_MyTripsTest status=SUCCESS method=MyTripsTest.tc01_MyTripsTest()[pri:0, instance:tests.MyTripsTest@dcc6211] output={null}]]]>
              </value>
            </param>
          </params>
          <reporter-output>
          </reporter-output>
        </test-method> <!-- failedTest -->
        <test-method signature="tc02_MyTripsTest()[pri:0, instance:tests.MyTripsTest@dcc6211]" started-at="2022-12-05T11:44:17 IST" name="tc02_MyTripsTest" finished-at="2022-12-05T11:44:23 IST" duration-ms="6410" status="PASS">
          <reporter-output>
          </reporter-output>
        </test-method> <!-- tc02_MyTripsTest -->
        <test-method is-config="true" signature="failedTest(org.testng.ITestResult)[pri:0, instance:tests.MyTripsTest@dcc6211]" started-at="2022-12-05T11:44:23 IST" name="failedTest" finished-at="2022-12-05T11:44:24 IST" duration-ms="196" status="PASS">
          <params>
            <param index="0">
              <value>
                <![CDATA[[TestResult name=tc02_MyTripsTest status=SUCCESS method=MyTripsTest.tc02_MyTripsTest()[pri:0, instance:tests.MyTripsTest@dcc6211] output={null}]]]>
              </value>
            </param>
          </params>
          <reporter-output>
          </reporter-output>
        </test-method> <!-- failedTest -->
        <test-method signature="tc03_MyTripsTest()[pri:0, instance:tests.MyTripsTest@dcc6211]" started-at="2022-12-05T11:44:24 IST" name="tc03_MyTripsTest" finished-at="2022-12-05T11:44:29 IST" duration-ms="5192" status="PASS">
          <reporter-output>
          </reporter-output>
        </test-method> <!-- tc03_MyTripsTest -->
        <test-method is-config="true" signature="failedTest(org.testng.ITestResult)[pri:0, instance:tests.MyTripsTest@dcc6211]" started-at="2022-12-05T11:44:29 IST" name="failedTest" finished-at="2022-12-05T11:44:29 IST" duration-ms="161" status="PASS">
          <params>
            <param index="0">
              <value>
                <![CDATA[[TestResult name=tc03_MyTripsTest status=SUCCESS method=MyTripsTest.tc03_MyTripsTest()[pri:0, instance:tests.MyTripsTest@dcc6211] output={null}]]]>
              </value>
            </param>
          </params>
          <reporter-output>
          </reporter-output>
        </test-method> <!-- failedTest -->
        <test-method signature="tc04_MyTripsTest()[pri:0, instance:tests.MyTripsTest@dcc6211]" started-at="2022-12-05T11:44:29 IST" name="tc04_MyTripsTest" finished-at="2022-12-05T11:44:36 IST" duration-ms="6672" status="FAIL">
          <exception class="java.lang.AssertionError">
            <message>
              <![CDATA[expected [false] but found [true]]]>
            </message>
            <full-stacktrace>
              <![CDATA[java.lang.AssertionError: expected [false] but found [true]
at org.testng.Assert.fail(Assert.java:110)
at org.testng.Assert.failNotEquals(Assert.java:1413)
at org.testng.Assert.assertFalse(Assert.java:78)
at org.testng.Assert.assertFalse(Assert.java:88)
at tests.MyTripsTest.tc04_MyTripsTest(MyTripsTest.java:53)
at java.base/jdk.internal.reflect.NativeMethodAccessorImpl.invoke0(Native Method)
at java.base/jdk.internal.reflect.NativeMethodAccessorImpl.invoke(NativeMethodAccessorImpl.java:77)
at java.base/jdk.internal.reflect.DelegatingMethodAccessorImpl.invoke(DelegatingMethodAccessorImpl.java:43)
at java.base/java.lang.reflect.Method.invoke(Method.java:568)
at org.testng.internal.invokers.MethodInvocationHelper.invokeMethod(MethodInvocationHelper.java:135)
at org.testng.internal.invokers.TestInvoker.invokeMethod(TestInvoker.java:673)
at org.testng.internal.invokers.TestInvoker.invokeTestMethod(TestInvoker.java:220)
at org.testng.internal.invokers.MethodRunner.runInSequence(MethodRunner.java:50)
at org.testng.internal.invokers.TestInvoker$MethodInvocationAgent.invoke(TestInvoker.java:945)
at org.testng.internal.invokers.TestInvoker.invokeTestMethods(TestInvoker.java:193)
at org.testng.internal.invokers.TestMethodWorker.invokeTestMethods(TestMethodWorker.java:146)
at org.testng.internal.invokers.TestMethodWorker.run(TestMethodWorker.java:128)
at java.base/java.util.ArrayList.forEach(ArrayList.java:1511)
at org.testng.TestRunner.privateRun(TestRunner.java:808)
at org.testng.TestRunner.run(TestRunner.java:603)
at org.testng.SuiteRunner.runTest(SuiteRunner.java:429)
at org.testng.SuiteRunner.runSequentially(SuiteRunner.java:423)
at org.testng.SuiteRunner.privateRun(SuiteRunner.java:383)
at org.testng.SuiteRunner.run(SuiteRunner.java:326)
at org.testng.SuiteRunnerWorker.runSuite(SuiteRunnerWorker.java:52)
at org.testng.SuiteRunnerWorker.run(SuiteRunnerWorker.java:95)
at org.testng.TestNG.runSuitesSequentially(TestNG.java:1249)
at org.testng.TestNG.runSuitesLocally(TestNG.java:1169)
at org.testng.TestNG.runSuites(TestNG.java:1092)
at org.testng.TestNG.run(TestNG.java:1060)
at org.testng.remote.AbstractRemoteTestNG.run(AbstractRemoteTestNG.java:115)
at org.testng.remote.RemoteTestNG.initAndRun(RemoteTestNG.java:251)
at org.testng.remote.RemoteTestNG.main(RemoteTestNG.java:77)
]]>
            </full-stacktrace>
          </exception> <!-- java.lang.AssertionError -->
          <reporter-output>
          </reporter-output>
        </test-method> <!-- tc04_MyTripsTest -->
        <test-method is-config="true" signature="failedTest(org.testng.ITestResult)[pri:0, instance:tests.MyTripsTest@dcc6211]" started-at="2022-12-05T11:44:36 IST" name="failedTest" finished-at="2022-12-05T11:44:36 IST" duration-ms="167" status="PASS">
          <params>
            <param index="0">
              <value>
                <![CDATA[[TestResult name=tc04_MyTripsTest status=FAILURE method=MyTripsTest.tc04_MyTripsTest()[pri:0, instance:tests.MyTripsTest@dcc6211] output={null}]]]>
              </value>
            </param>
          </params>
          <reporter-output>
          </reporter-output>
        </test-method> <!-- failedTest -->
      </class> <!-- tests.MyTripsTest -->
    </test> <!-- Default test -->
  </suite> <!-- Default suite -->
</testng-results>
